<?xml version="1.0" encoding="UTF-8"?>
<!-- Generated by org.testng.reporters.JUnitReportReporter -->
<testsuite hostname="Anushas-MacBook-Pro.local" failures="0" tests="7" name="test.LoginTest" time="2.464" errors="0" timestamp="2021-06-29T11:43:58 EDT" skipped="0">
  <testcase classname="test.LoginTest" name="blankUsernameValidation" time="0.260"/>
  <system-out>
    <![CDATA[Username: 
Password: test1234]]>
  </system-out>
  <testcase classname="test.LoginTest" name="invalidUsernameInvalidPasswordValidation" time="0.401"/>
  <system-out>
    <![CDATA[Username: invalid-dan@gmail.com
Password: invalid-test1234]]>
  </system-out>
  <testcase classname="test.LoginTest" name="validUsernameInvalidPasswordValidation" time="0.373"/>
  <system-out>
    <![CDATA[Username: dan@gmail.com
Password: invalid-test1234]]>
  </system-out>
  <testcase classname="test.LoginTest" name="invalidUsernameValidPasswordValidation" time="0.333"/>
  <system-out>
    <![CDATA[Username: invalid-dan@gmail.com
Password: test1234]]>
  </system-out>
  <testcase classname="test.LoginTest" name="blankPasswordValidation" time="0.500"/>
  <system-out>
    <![CDATA[Username: dan@gmail.com
Password: ]]>
  </system-out>
  <testcase classname="test.LoginTest" name="validLoginValidation" time="0.368"/>
  <system-out>
    <![CDATA[Username: dan@gmail.com
Password: test1234]]>
  </system-out>
  <testcase classname="test.LoginTest" name="blankUsernameAndPasswordValidation" time="0.229"/>
  <system-out>
    <![CDATA[Username: 
Password: ]]>
  </system-out>
</testsuite> <!-- test.LoginTest -->
