<?xml version="1.0" encoding="UTF-8"?>
<!-- Generated by org.testng.reporters.JUnitReportReporter -->
<testsuite hostname="Anushas-MacBook-Pro.local" failures="0" tests="8" name="test.Scenario5" time="0.308" errors="0" timestamp="2021-08-15T06:37:19 EDT" skipped="0">
  <testcase classname="test.Scenario5" name="accountSettingsLinkTextVerification" time="0.041"/>
  <system-out/>
  <testcase classname="test.Scenario5" name="purchasesLinkTextVerification" time="0.033"/>
  <system-out/>
  <testcase classname="test.Scenario5" name="securityLinkTextVerification" time="0.035"/>
  <system-out/>
  <testcase classname="test.Scenario5" name="privacyLinkTextVerification" time="0.039"/>
  <system-out/>
  <testcase classname="test.Scenario5" name="manageBlogsLinkTextVerification" time="0.039"/>
  <system-out/>
  <testcase classname="test.Scenario5" name="notifSettingsLinkTextVerification" time="0.038"/>
  <system-out/>
  <testcase classname="test.Scenario5" name="blockedSitesLinkTextVerification" time="0.042"/>
  <system-out/>
  <testcase classname="test.Scenario5" name="getAppsLinkTextVerification" time="0.041"/>
  <system-out/>
</testsuite> <!-- test.Scenario5 -->
