<?xml version="1.0" encoding="UTF-8"?>
<!-- Generated by org.testng.reporters.JUnitReportReporter -->
<testsuite hostname="Anushas-MacBook-Pro.local" failures="0" tests="2" name="test.BasicValidation" time="0.046" errors="0" timestamp="2021-06-29T11:43:58 EDT" skipped="0">
  <testcase classname="test.BasicValidation" name="urlValidation" time="0.025"/>
  <system-out/>
  <testcase classname="test.BasicValidation" name="titleValidation" time="0.021"/>
  <system-out/>
</testsuite> <!-- test.BasicValidation -->
