<?xml version="1.0" encoding="UTF-8"?>
<!-- Generated by org.testng.reporters.JUnitReportReporter -->
<testsuite hostname="Anushas-MacBook-Pro.local" failures="0" tests="5" name="test.Scenario1" time="0.428" errors="0" timestamp="2021-08-15T06:37:19 EDT" skipped="0">
  <testcase classname="test.Scenario1" name="verifyAndGetFirstName" time="0.092"/>
  <system-out>
    <![CDATA[FIRST NAME: Jane2021]]>
  </system-out>
  <testcase classname="test.Scenario1" name="verifyAndGetLastName" time="0.073"/>
  <system-out>
    <![CDATA[LAST NAME: Doe2021]]>
  </system-out>
  <testcase classname="test.Scenario1" name="verifyAndGetPublicDisplayName" time="0.078"/>
  <system-out>
    <![CDATA[PUBLIC DISPLAY NAME: LetsTestDisplayName]]>
  </system-out>
  <testcase classname="test.Scenario1" name="verifyAndGetAboutMe" time="0.039"/>
  <system-out>
    <![CDATA[ABOUT ME: La La La La La]]>
  </system-out>
  <testcase classname="test.Scenario1" name="verifyAndGetProfilePicture" time="0.146"/>
  <system-out>
    <![CDATA[<br><img src='/Users/anushaprashanth/eclipse-workspace/WordPress-MyProfile-Project/test-output/profileImage.jpg' height ='200' width = '200'/><br>]]>
  </system-out>
</testsuite> <!-- test.Scenario1 -->
