<?xml version="1.0" encoding="UTF-8"?>
<!-- Generated by org.testng.reporters.JUnitReportReporter -->
<testsuite hostname="Anushas-MacBook-Pro.local" failures="0" tests="2" name="test.LoginTestYAML" time="0.651" errors="0" timestamp="2021-06-29T11:43:58 EDT" skipped="0">
  <testcase classname="test.LoginTestYAML" name="invalidUsernameValidPasswordValidation" time="0.292"/>
  <system-out>
    <![CDATA[Username: yaml-rambo@gmail.com
Password: rambo1234]]>
  </system-out>
  <testcase classname="test.LoginTestYAML" name="validLoginValidation" time="0.359"/>
  <system-out>
    <![CDATA[Username: yaml-john@gmail.com
Password: john1234]]>
  </system-out>
</testsuite> <!-- test.LoginTestYAML -->
