<?xml version="1.0" encoding="UTF-8"?>
<!-- Generated by org.testng.reporters.JUnitReportReporter -->
<testsuite hostname="Anushas-MacBook-Pro.local" failures="0" tests="1" name="test.Scenario4" time="0.081" errors="0" timestamp="2021-08-15T06:37:19 EDT" skipped="0">
  <testcase classname="test.Scenario4" name="infoVerification" time="0.081"/>
  <system-out>
    <![CDATA[INFORMATION DISPLAYED: true]]>
  </system-out>
</testsuite> <!-- test.Scenario4 -->
