<?xml version="1.0" encoding="UTF-8"?>
<!-- Generated by org.testng.reporters.JUnitReportReporter -->
<testsuite hostname="Anushas-MacBook-Pro.local" failures="0" tests="4" name="test.Scenario3" time="2.281" errors="0" timestamp="2021-08-15T06:37:19 EDT" skipped="0">
  <testcase classname="test.Scenario3" name="addWordPressSite" time="0.410"/>
  <system-out/>
  <testcase classname="test.Scenario3" name="deleteWordPressSite" time="0.622"/>
  <system-out/>
  <testcase classname="test.Scenario3" name="addURL" time="0.647"/>
  <system-out/>
  <testcase classname="test.Scenario3" name="deleteURL" time="0.602"/>
  <system-out/>
</testsuite> <!-- test.Scenario3 -->
