<?xml version="1.0" encoding="UTF-8"?>
<!-- Generated by org.testng.reporters.JUnitReportReporter -->
<testsuite hostname="Anushas-MacBook-Pro.local" failures="0" tests="6" name="test.Scenario2" time="1.358" errors="0" timestamp="2021-08-15T06:37:19 EDT" skipped="0">
  <testcase classname="test.Scenario2" name="updateFirstName" time="0.336"/>
  <system-out/>
  <testcase classname="test.Scenario2" name="updateLastName" time="0.342"/>
  <system-out/>
  <testcase classname="test.Scenario2" name="updatePublicDisplayName" time="0.238"/>
  <system-out/>
  <testcase classname="test.Scenario2" name="updateAboutMe" time="0.222"/>
  <system-out/>
  <testcase classname="test.Scenario2" name="saveProfileUpdates" time="0.071"/>
  <system-out/>
  <testcase classname="test.Scenario2" name="toggleGravatarProfile" time="0.149"/>
  <system-out/>
</testsuite> <!-- test.Scenario2 -->
