<?xml version="1.0" encoding="UTF-8"?>
<!-- Generated by org.testng.reporters.JUnitReportReporter -->
<testsuite hostname="Anushas-MacBook-Pro.local" failures="0" tests="1" name="test.resetProfile" time="1.280" errors="0" timestamp="2021-08-15T06:38:00 EDT" skipped="0">
  <testcase classname="test.resetProfile" name="resetProfileDetails" time="1.280"/>
  <system-out/>
</testsuite> <!-- test.resetProfile -->
